<?xml version="1.0" encoding="UTF-8"?>
<testng-results skipped="0" failed="0" total="1" passed="1">
  <reporter-output>
  </reporter-output>
  <suite name="Default suite" duration-ms="17048" started-at="2018-07-13T06:26:30Z" finished-at="2018-07-13T06:26:47Z">
    <groups>
    </groups>
    <test name="Default test" duration-ms="17048" started-at="2018-07-13T06:26:30Z" finished-at="2018-07-13T06:26:47Z">
      <class name="tests.NewTest">
        <test-method status="PASS" signature="beforeClass()[pri:0, instance:tests.NewTest@2473d930]" name="beforeClass" is-config="true" duration-ms="6626" started-at="2018-07-13T11:56:30Z" finished-at="2018-07-13T11:56:37Z">
          <reporter-output>
          </reporter-output>
        </test-method> <!-- beforeClass -->
        <test-method status="PASS" signature="openMyBlog()[pri:0, instance:tests.NewTest@2473d930]" name="openMyBlog" duration-ms="8129" started-at="2018-07-13T11:56:37Z" finished-at="2018-07-13T11:56:45Z">
          <reporter-output>
          </reporter-output>
        </test-method> <!-- openMyBlog -->
        <test-method status="PASS" signature="afterClass()[pri:0, instance:tests.NewTest@2473d930]" name="afterClass" is-config="true" duration-ms="2277" started-at="2018-07-13T11:56:45Z" finished-at="2018-07-13T11:56:47Z">
          <reporter-output>
          </reporter-output>
        </test-method> <!-- afterClass -->
      </class> <!-- tests.NewTest -->
    </test> <!-- Default test -->
  </suite> <!-- Default suite -->
</testng-results>
